2018-07-26 09:51:33.069[main] DEBUG com.hui.o2o.dao.ShopDao.queryShopList- ==>  Preparing: SELECT s.shop_id, s.shop_name, s.shop_desc, s.shop_addr, s.phone, s.shop_img, s.priority, s.create_time, s.last_edit_time, s.enable_status, s.advice, a.area_id, a.area_name, sc.shop_category_id, sc.shop_category_name FROM tb_shop s, tb_area a, tb_shop_category sc WHERE s.shop_category_id= ? and s.shop_category_id in (select shop_category_id from tb_shop_category WHERE parent_id = ?) AND s.area_id=a.area_id AND s.shop_category_id = sc.shop_category_id ORDER BY s.priority DESC LIMIT ?,?; 
2018-07-26 09:51:33.154[main] DEBUG com.hui.o2o.dao.ShopDao.queryShopList- ==> Parameters: 0(Long), 2(Long), 0(Integer), 6(Integer)
2018-07-26 09:51:33.223[main] DEBUG com.hui.o2o.dao.ShopDao.queryShopList- <==      Total: 0
2018-07-26 09:51:33.292[main] DEBUG com.hui.o2o.dao.ShopDao.queryShopCount- ==>  Preparing: SELECT count(1) FROM tb_shop s, tb_area a, tb_shop_category sc WHERE s.shop_category_id= ? and s.shop_category_id in (select shop_category_id from tb_shop_category WHERE parent_id = ?) AND s.area_id=a.area_id AND s.shop_category_id = sc.shop_category_id 
2018-07-26 09:51:33.292[main] DEBUG com.hui.o2o.dao.ShopDao.queryShopCount- ==> Parameters: 0(Long), 2(Long)
2018-07-26 09:51:33.292[main] DEBUG com.hui.o2o.dao.ShopDao.queryShopCount- <==      Total: 1
2018-07-26 09:53:05.060[main] DEBUG com.hui.o2o.dao.ShopDao.queryShopList- ==>  Preparing: SELECT s.shop_id, s.shop_name, s.shop_desc, s.shop_addr, s.phone, s.shop_img, s.priority, s.create_time, s.last_edit_time, s.enable_status, s.advice, a.area_id, a.area_name, sc.shop_category_id, sc.shop_category_name FROM tb_shop s, tb_area a, tb_shop_category sc WHERE s.shop_category_id= ? and s.shop_category_id in (select shop_category_id from tb_shop_category WHERE parent_id = ?) AND s.area_id=a.area_id AND s.shop_category_id = sc.shop_category_id ORDER BY s.priority DESC LIMIT ?,?; 
2018-07-26 09:53:05.123[main] DEBUG com.hui.o2o.dao.ShopDao.queryShopList- ==> Parameters: 0(Long), 0(Long), 0(Integer), 6(Integer)
2018-07-26 09:53:05.145[main] DEBUG com.hui.o2o.dao.ShopDao.queryShopList- <==      Total: 0
2018-07-26 09:53:05.160[main] DEBUG com.hui.o2o.dao.ShopDao.queryShopCount- ==>  Preparing: SELECT count(1) FROM tb_shop s, tb_area a, tb_shop_category sc WHERE s.shop_category_id= ? and s.shop_category_id in (select shop_category_id from tb_shop_category WHERE parent_id = ?) AND s.area_id=a.area_id AND s.shop_category_id = sc.shop_category_id 
2018-07-26 09:53:05.160[main] DEBUG com.hui.o2o.dao.ShopDao.queryShopCount- ==> Parameters: 0(Long), 0(Long)
2018-07-26 09:53:05.160[main] DEBUG com.hui.o2o.dao.ShopDao.queryShopCount- <==      Total: 1
2018-07-26 14:15:07.325[main] DEBUG com.hui.o2o.dao.ShopDao.queryShopList- ==>  Preparing: SELECT s.shop_id, s.shop_name, s.shop_desc, s.shop_addr, s.phone, s.shop_img, s.priority, s.create_time, s.last_edit_time, s.enable_status, s.advice, a.area_id, a.area_name, sc.shop_category_id, sc.shop_category_name FROM tb_shop s, tb_area a, tb_shop_category sc WHERE s.shop_category_id in (select shop_category_id from tb_shop_category WHERE parent_id = ?) AND s.area_id=a.area_id AND s.shop_category_id = sc.shop_category_id ORDER BY s.priority DESC LIMIT ?,?; 
2018-07-26 14:15:07.409[main] DEBUG com.hui.o2o.dao.ShopDao.queryShopList- ==> Parameters: 2(Long), 0(Integer), 6(Integer)
2018-07-26 14:15:07.532[main] DEBUG com.hui.o2o.dao.ShopDao.queryShopList- <==      Total: 6
2018-07-26 14:15:07.540[main] DEBUG com.hui.o2o.dao.ShopDao.queryShopCount- ==>  Preparing: SELECT count(1) FROM tb_shop s, tb_area a, tb_shop_category sc WHERE s.shop_category_id in (select shop_category_id from tb_shop_category WHERE parent_id = ?) AND s.area_id=a.area_id AND s.shop_category_id = sc.shop_category_id 
2018-07-26 14:15:07.541[main] DEBUG com.hui.o2o.dao.ShopDao.queryShopCount- ==> Parameters: 2(Long)
2018-07-26 14:15:07.543[main] DEBUG com.hui.o2o.dao.ShopDao.queryShopCount- <==      Total: 1
2018-07-26 14:16:29.663[main] DEBUG com.hui.o2o.dao.ShopDao.queryShopList- ==>  Preparing: SELECT s.shop_id, s.shop_name, s.shop_desc, s.shop_addr, s.phone, s.shop_img, s.priority, s.create_time, s.last_edit_time, s.enable_status, s.advice, a.area_id, a.area_name, sc.shop_category_id, sc.shop_category_name FROM tb_shop s, tb_area a, tb_shop_category sc WHERE s.shop_category_id in (select shop_category_id from tb_shop_category WHERE parent_id = ?) AND s.area_id=a.area_id AND s.shop_category_id = sc.shop_category_id ORDER BY s.priority DESC LIMIT ?,?; 
2018-07-26 14:16:29.726[main] DEBUG com.hui.o2o.dao.ShopDao.queryShopList- ==> Parameters: 2(Long), 0(Integer), 6(Integer)
2018-07-26 14:16:29.762[main] DEBUG com.hui.o2o.dao.ShopDao.queryShopList- <==      Total: 6
2018-07-26 14:16:29.786[main] DEBUG com.hui.o2o.dao.ShopDao.queryShopCount- ==>  Preparing: SELECT count(1) FROM tb_shop s, tb_area a, tb_shop_category sc WHERE s.shop_category_id in (select shop_category_id from tb_shop_category WHERE parent_id = ?) AND s.area_id=a.area_id AND s.shop_category_id = sc.shop_category_id 
2018-07-26 14:16:29.787[main] DEBUG com.hui.o2o.dao.ShopDao.queryShopCount- ==> Parameters: 2(Long)
2018-07-26 14:16:29.789[main] DEBUG com.hui.o2o.dao.ShopDao.queryShopCount- <==      Total: 1
